
 /----------------------------------------------------------------------------\
 |  yosys -- Yosys Open SYnthesis Suite                                       |
 |  Copyright (C) 2012 - 2026  Claire Xenia Wolf <claire@yosyshq.com>         |
 |  Distributed under an ISC-like license, type "license" to see terms        |
 \----------------------------------------------------------------------------/
 Yosys 0.63 (git sha1 70a11c6bf0e8dd669f56c7da3587f78b405138e2, clang++ 17.0.0 -fPIC -O3)

-- Executing script file `design_prep.ys' --

1. Executing RTLIL frontend.
Input filename: design.il

2. Executing SCC pass (detecting logic loops).
Found 0 SCCs in module buck_pwm.
Found 0 SCCs in module buck_pwm_formal.
Found 0 SCCs.

3. Executing SIMPLEMAP pass (map simple cells to gate primitives).

4. Executing MEMORY_NORDFF pass (extracting $dff cells from memories).

5. Executing ASYNC2SYNC pass.
Replacing buck_pwm.$procdff$231 ($adff): ARST=\rst_n, D=$0\dt_state[1:0], Q=\dt_state
Replacing buck_pwm.$procdff$236 ($adff): ARST=\rst_n, D=$0\dt_counter[2:0], Q=\dt_counter
Replacing buck_pwm.$procdff$241 ($adff): ARST=\rst_n, D=$0\hg_pre[0:0], Q=\hg_pre
Replacing buck_pwm.$procdff$246 ($adff): ARST=\rst_n, D=$0\lg_pre[0:0], Q=\lg_pre
Replacing buck_pwm.$procdff$251 ($adff): ARST=\rst_n, D=\pwm_raw, Q=\pwm_raw_d
Replacing buck_pwm.$procdff$256 ($adff): ARST=\rst_n, D=$0\sd_accum[6:0], Q=\sd_accum
Replacing buck_pwm.$procdff$261 ($adff): ARST=\rst_n, D=$0\sd_carry[0:0], Q=\sd_carry
Replacing buck_pwm.$procdff$266 ($adff): ARST=\rst_n, D=$0\pwm_counter[8:0], Q=\pwm_counter

6. Executing OPT_CLEAN pass (remove unused cells and wires).
Finding unused cells or wires in module \buck_pwm..
Finding unused cells or wires in module \buck_pwm_formal..
Removed 60 unused cells and 60 unused wires.
<suppressed ~61 debug messages>

7. Executing FORMALFF pass.

8. Executing OPT_CLEAN pass (remove unused cells and wires).
Finding unused cells or wires in module \buck_pwm..
Finding unused cells or wires in module \buck_pwm_formal..
Removed 2 unused cells and 2 unused wires.
<suppressed ~4 debug messages>

9. Executing CHECK pass (checking for obvious problems).
Checking module buck_pwm...
Checking module buck_pwm_formal...
Found and reported 0 problems.

10. Executing SETUNDEF pass (replace undef values with defined constants).

11. Executing OPT pass (performing simple optimizations).

11.1. Executing OPT_EXPR pass (perform const folding).
Optimizing module buck_pwm.
Optimizing module buck_pwm_formal.
<suppressed ~1 debug messages>

11.2. Executing OPT_MERGE pass (detect identical cells).
Finding identical cells in module `\buck_pwm'.
Computing hashes of 84 cells of `\buck_pwm'.
Finding duplicate cells in `\buck_pwm'.
Finding identical cells in module `\buck_pwm_formal'.
Computing hashes of 79 cells of `\buck_pwm_formal'.
Finding duplicate cells in `\buck_pwm_formal'.
Computing hashes of 67 cells of `\buck_pwm_formal'.
Finding duplicate cells in `\buck_pwm_formal'.
<suppressed ~36 debug messages>
Removed a total of 12 cells.

11.3. Executing OPT_DFF pass (perform DFF optimizations).

11.4. Executing OPT_CLEAN pass (remove unused cells and wires).
Finding unused cells or wires in module \buck_pwm..
Finding unused cells or wires in module \buck_pwm_formal..
Removed 0 unused cells and 13 unused wires.
<suppressed ~1 debug messages>

11.5. Finished fast OPT passes.

12. Executing OPT_CLEAN pass (remove unused cells and wires).
Finding unused cells or wires in module \buck_pwm..
Finding unused cells or wires in module \buck_pwm_formal..
Removed 0 unused cells and 10 unused wires.
<suppressed ~2 debug messages>

13. Executing RTLIL backend.
Output filename: ../model/design_prep.il

End of script. Logfile hash: 8e6f4648b6, CPU: user 0.01s system 0.00s, MEM: 14.36 MB peak
Yosys 0.63 (git sha1 70a11c6bf0e8dd669f56c7da3587f78b405138e2, clang++ 17.0.0 -fPIC -O3)
Time spent: 37% 4x opt_clean (0 sec), 12% 1x opt_expr (0 sec), ...
